d:\3dprograms\grafikahazi\programs\skeleton\skeleton\release\vc141.pdb
d:\3dprograms\grafikahazicsomag\programs\skeleton\skeleton\release\vc141.pdb
d:\3dprograms\grafikahazicsomag\programs\skeleton\skeleton\release\skeleton.obj
d:\3dprograms\grafikahazicsomag\programs\skeleton\skeleton\release\framework.obj
d:\3dprograms\grafikahazi\programs\skeleton\bin\skeleton.exe
d:\3dprograms\grafikahazi\programs\skeleton\bin\skeleton.pdb
d:\3dprograms\grafikahazicsomag\programs\skeleton\bin\skeleton.exe
d:\3dprograms\grafikahazicsomag\programs\skeleton\bin\skeleton.pdb
d:\3dprograms\grafikahazi\programs\skeleton\bin\skeleton.ipdb
d:\3dprograms\grafikahazi\programs\skeleton\bin\skeleton.iobj
d:\3dprograms\grafikahazicsomag\programs\skeleton\bin\skeleton.ipdb
d:\3dprograms\grafikahazicsomag\programs\skeleton\bin\skeleton.iobj
c:\users\user\desktop\4.felev\grafika\grafikahazicsomag_3\grafikahazicsomag\programs\skeleton\skeleton\release\framework.obj
c:\users\user\desktop\4.felev\grafika\grafikahazicsomag_3\grafikahazicsomag\programs\skeleton\skeleton\release\skeleton.obj
c:\users\user\desktop\4.felev\grafika\grafikahazicsomag_3\grafikahazicsomag\programs\skeleton\skeleton\release\vc120.pdb
c:\users\user\desktop\4.felev\grafika\grafikahazicsomag_3\grafikahazicsomag\programs\skeleton\skeleton\release\vc141.pdb
c:\users\user\desktop\4.felev\grafika\grafikahazicsomag_3\grafikahazicsomag\programs\skeleton\bin\skeleton.pdb
c:\users\user\desktop\4.felev\grafika\grafikahazicsomag_3\grafikahazicsomag\programs\skeleton\bin\skeleton.exe
c:\users\user\desktop\4.felev\grafika\grafikahazicsomag_3\grafikahazicsomag\programs\skeleton\skeleton\release\skeleton.tlog\cl.command.1.tlog
c:\users\user\desktop\4.felev\grafika\grafikahazicsomag_3\grafikahazicsomag\programs\skeleton\skeleton\release\skeleton.tlog\cl.read.1.tlog
c:\users\user\desktop\4.felev\grafika\grafikahazicsomag_3\grafikahazicsomag\programs\skeleton\skeleton\release\skeleton.tlog\cl.write.1.tlog
c:\users\user\desktop\4.felev\grafika\grafikahazicsomag_3\grafikahazicsomag\programs\skeleton\skeleton\release\skeleton.tlog\link.command.1.tlog
c:\users\user\desktop\4.felev\grafika\grafikahazicsomag_3\grafikahazicsomag\programs\skeleton\skeleton\release\skeleton.tlog\link.read.1.tlog
c:\users\user\desktop\4.felev\grafika\grafikahazicsomag_3\grafikahazicsomag\programs\skeleton\skeleton\release\skeleton.tlog\link.write.1.tlog
c:\users\user\desktop\4.felev\grafika\grafikahazicsomag_3\grafikahazicsomag\programs\skeleton\skeleton\release\skeleton.tlog\skeleton.write.1u.tlog
